<?xml version="1.0" encoding="UTF-8"?>
<!-- Generated by org.testng.reporters.JUnitReportReporter -->
<testsuite hostname="Jessica" failures="0" tests="3" name="Testng_Package.Testng_Demo6" time="14.158" errors="0" timestamp="2022-08-26T23:05:28 EDT" skipped="0">
  <testcase classname="Testng_Package.Testng_Demo6" name="checking" time="6.292"/>
  <system-out/>
  <testcase classname="Testng_Package.Testng_Demo6" name="checking" time="4.240"/>
  <system-out/>
  <testcase classname="Testng_Package.Testng_Demo6" name="checking" time="3.626"/>
  <system-out/>
</testsuite> <!-- Testng_Package.Testng_Demo6 -->
