<?xml version="1.0" encoding="UTF-8"?>
<!-- Generated by org.testng.reporters.JUnitReportReporter -->
<testsuite hostname="Jessica" failures="0" tests="1" name="Testng_Package.Testng_Demo5" time="5.333" errors="0" timestamp="2022-08-26T23:03:29 EDT" skipped="0">
  <testcase classname="Testng_Package.Testng_Demo5" name="performLogin" time="5.333"/>
  <system-out/>
</testsuite> <!-- Testng_Package.Testng_Demo5 -->
