<?xml version="1.0" encoding="UTF-8"?>
<!-- Generated by org.testng.reporters.JUnitReportReporter -->
<testsuite hostname="Jessica" failures="0" tests="1" name="Testng_Package.Testng_Demo7" time="2.289" errors="0" timestamp="2022-08-26T23:09:55 EDT" skipped="0">
  <testcase classname="Testng_Package.Testng_Demo7" name="checkGoogleSite" time="2.289"/>
  <system-out/>
</testsuite> <!-- Testng_Package.Testng_Demo7 -->
