<?xml version="1.0" encoding="UTF-8"?>
<!-- Generated by org.testng.reporters.JUnitReportReporter -->
<testsuite hostname="Jessica" failures="0" tests="3" name="Testng_Package.Testng_Demo2" time="21.991" errors="0" timestamp="2022-08-07T13:41:46 EDT" skipped="0">
  <testcase classname="Testng_Package.Testng_Demo2" name="openingAmazonSite" time="8.064"/>
  <system-out/>
  <testcase classname="Testng_Package.Testng_Demo2" name="openingYahooSite" time="7.700"/>
  <system-out/>
  <testcase classname="Testng_Package.Testng_Demo2" name="openingCNNSite" time="6.227"/>
  <system-out/>
</testsuite> <!-- Testng_Package.Testng_Demo2 -->
