<?xml version="1.0" encoding="UTF-8"?>
<!-- Generated by org.testng.reporters.JUnitReportReporter -->
<testsuite hostname="Jessica" failures="0" tests="3" name="Testng_Package.Testng_DemoProgram" time="40.314" errors="0" timestamp="2022-08-07T13:33:25 EDT" skipped="0">
  <testcase classname="Testng_Package.Testng_DemoProgram" name="openingAmazonSite" time="10.576"/>
  <system-out/>
  <testcase classname="Testng_Package.Testng_DemoProgram" name="openingYahooSite" time="8.652"/>
  <system-out/>
  <testcase classname="Testng_Package.Testng_DemoProgram" name="openingCNNSite" time="21.086"/>
  <system-out/>
</testsuite> <!-- Testng_Package.Testng_DemoProgram -->
